[main 1dcd64f] Daily backup: 2026-04-07 02:00 UTC
 4 files changed, 41 insertions(+)
 create mode 100644 logs/backup.log
 create mode 100755 scripts/backup-to-github.sh
To https://github.com/cloudnetworkingau-blip/openclaw-cloud-bot.git
   e0e3e25..1dcd64f  main -> main
Backup completed at Tue Apr  7 02:00:03 AM UTC 2026
[main 50a6b3e] Daily backup: 2026-04-08 02:00 UTC
 116 files changed, 9258 insertions(+)
 create mode 100644 .clawhub/lock.json
 create mode 100644 skills/baidu-hot-monitor/.clawhub/origin.json
 create mode 100644 skills/baidu-hot-monitor/SKILL.md
 create mode 100644 skills/baidu-hot-monitor/_meta.json
 create mode 100644 skills/baidu-hot-monitor/data/index.html
 create mode 100644 skills/baidu-hot-monitor/scripts/baidu_hot.py
 create mode 100644 skills/baidu-hot-monitor/scripts/db.py
 create mode 100644 skills/baidu-hot-monitor/scripts/generate_html.py
 create mode 100644 skills/baidu-hot-monitor/scripts/init_db.py
 create mode 100644 skills/baidu-hot-monitor/scripts/query.py
 create mode 100644 skills/baidu-hot-monitor/scripts/save_to_db.py
 create mode 100644 skills/fanqie/.clawhub/origin.json
 create mode 100644 skills/fanqie/SKILL.md
 create mode 100644 skills/fanqie/_meta.json
 create mode 100644 skills/find-skills-skill/.clawhub/origin.json
 create mode 100644 skills/find-skills-skill/SKILL.md
 create mode 100644 skills/find-skills-skill/_meta.json
 create mode 100644 skills/focus-break-reminder/.clawhub/origin.json
 create mode 100644 skills/focus-break-reminder/SKILL.md
 create mode 100644 skills/focus-break-reminder/_meta.json
 create mode 100644 skills/focus-break-reminder/references/config.example.json
 create mode 100644 skills/focus-break-reminder/references/test-cases.md
 create mode 100644 skills/gmail/.clawhub/origin.json
 create mode 100644 skills/gmail/LICENSE.txt
 create mode 100644 skills/gmail/SKILL.md
 create mode 100644 skills/gmail/_meta.json
 create mode 100644 skills/jx76-gog/.clawhub/origin.json
 create mode 100644 skills/jx76-gog/SKILL.md
 create mode 100644 skills/jx76-gog/_meta.json
 create mode 100644 skills/lark-calendar/.clawhub/origin.json
 create mode 100644 skills/lark-calendar/SKILL.md
 create mode 100644 skills/lark-calendar/_meta.json
 create mode 100644 skills/lark-calendar/lib/calendar.mjs
 create mode 100644 skills/lark-calendar/lib/employees.mjs
 create mode 100644 skills/lark-calendar/lib/lark-api.mjs
 create mode 100644 skills/lark-calendar/lib/task.mjs
 create mode 100644 skills/lark-calendar/package-lock.json
 create mode 100644 skills/lark-calendar/package.json
 create mode 100644 skills/lark-calendar/scripts/create-event.mjs
 create mode 100644 skills/lark-calendar/scripts/create-task.mjs
 create mode 100644 skills/lark-calendar/scripts/delete-event.mjs
 create mode 100644 skills/lark-calendar/scripts/delete-task.mjs
 create mode 100644 skills/lark-calendar/scripts/list-events.mjs
 create mode 100644 skills/lark-calendar/scripts/manage-attendees.mjs
 create mode 100644 skills/lark-calendar/scripts/manage-task-members.mjs
 create mode 100644 skills/lark-calendar/scripts/update-event.mjs
 create mode 100644 skills/lark-calendar/scripts/update-task.mjs
 create mode 100644 skills/macos-calendar/.clawhub/origin.json
 create mode 100644 skills/macos-calendar/SKILL.md
 create mode 100644 skills/macos-calendar/_meta.json
 create mode 100644 skills/macos-calendar/references/recurrence.md
 create mode 100644 skills/macos-calendar/scripts/calendar.sh
 create mode 100644 skills/microsoft-outlook/.clawhub/origin.json
 create mode 100644 skills/microsoft-outlook/SKILL.md
 create mode 100644 skills/microsoft-outlook/_meta.json
 create mode 100644 skills/news-aggregator/.clawhub/origin.json
 create mode 100644 skills/news-aggregator/SKILL.md
 create mode 100644 skills/news-aggregator/_meta.json
 create mode 100644 skills/openclaw-tavily-search/.clawhub/origin.json
 create mode 100644 skills/openclaw-tavily-search/SKILL.md
 create mode 100644 skills/openclaw-tavily-search/_meta.json
 create mode 100644 skills/openclaw-tavily-search/scripts/tavily_search.py
 create mode 100644 skills/outlook-api/.clawhub/origin.json
 create mode 100644 skills/outlook-api/LICENSE.txt
 create mode 100644 skills/outlook-api/SKILL.md
 create mode 100644 skills/outlook-api/_meta.json
 create mode 100644 skills/porteden-email/.clawhub/origin.json
 create mode 100644 skills/porteden-email/SKILL.md
 create mode 100644 skills/porteden-email/_meta.json
 create mode 100644 skills/proactive-agent-lite/.clawhub/origin.json
 create mode 100644 skills/proactive-agent-lite/README.md
 create mode 100644 skills/proactive-agent-lite/SKILL.md
 create mode 100644 skills/proactive-agent-lite/_meta.json
 create mode 100644 skills/self-improving/.clawhub/origin.json
 create mode 100644 skills/self-improving/HEARTBEAT.md
 create mode 100644 skills/self-improving/SKILL.md
 create mode 100644 skills/self-improving/_meta.json
 create mode 100644 skills/self-improving/boundaries.md
 create mode 100644 skills/self-improving/corrections.md
 create mode 100644 skills/self-improving/heartbeat-rules.md
 create mode 100644 skills/self-improving/heartbeat-state.md
 create mode 100644 skills/self-improving/learning.md
 create mode 100644 skills/self-improving/memory-template.md
 create mode 100644 skills/self-improving/memory.md
 create mode 100644 skills/self-improving/openclaw-heartbeat.md
 create mode 100644 skills/self-improving/operations.md
 create mode 100644 skills/self-improving/reflections.md
 create mode 100644 skills/self-improving/scaling.md
 create mode 100644 skills/self-improving/setup.md
 create mode 100644 skills/skill-vetter/.clawhub/origin.json
 create mode 100644 skills/skill-vetter/SKILL.md
 create mode 100644 skills/skill-vetter/_meta.json
 create mode 100644 skills/summarize-pro/.clawhub/origin.json
 create mode 100644 skills/summarize-pro/SKILL.md
 create mode 100644 skills/summarize-pro/_meta.json
 create mode 100644 skills/taobao-price-monitor/.clawhub/origin.json
 create mode 100644 skills/taobao-price-monitor/SKILL.md
 create mode 100644 skills/taobao-price-monitor/_meta.json
 create mode 100644 skills/taobao-price-monitor/tools/query_price.py
 create mode 100644 skills/taobao-query/.clawhub/origin.json
 create mode 100644 skills/taobao-query/SKILL.md
 create mode 100644 skills/taobao-query/_meta.json
 create mode 100644 skills/taobao-review-analyzer/.clawhub/origin.json
 create mode 100644 skills/taobao-review-analyzer/SKILL.md
 create mode 100644 skills/taobao-review-analyzer/_meta.json
 create mode 100644 skills/twitter-post/.clawhub/origin.json
 create mode 100644 skills/twitter-post/SKILL.md
 create mode 100644 skills/twitter-post/_meta.json
 create mode 100644 skills/twitter-post/scripts/tweet.js
 create mode 100644 skills/weather/.clawhub/origin.json
 create mode 100644 skills/weather/SKILL.md
 create mode 100644 skills/weather/_meta.json
 create mode 100644 skills/ws-agent-browser/.clawhub/origin.json
 create mode 100644 skills/ws-agent-browser/SKILL.md
 create mode 100644 skills/ws-agent-browser/_meta.json
To https://github.com/cloudnetworkingau-blip/openclaw-cloud-bot.git
   1dcd64f..50a6b3e  main -> main
Backup completed at Wed Apr  8 02:00:03 AM UTC 2026
[main 32db8b5] Daily backup: 2026-04-10 02:00 UTC
 21 files changed, 120 insertions(+)
 create mode 100644 autra_imgs/img_0.jpg
 create mode 100644 autra_imgs/img_1.jpg
 create mode 100644 autra_imgs/img_2.jpg
 create mode 100644 autra_imgs/img_3.jpg
 create mode 100644 autra_imgs/img_4.jpg
 create mode 100644 autra_imgs/img_5.jpg
 create mode 100644 autra_imgs/img_6.jpg
 create mode 100644 autra_imgs/img_7.jpg
 create mode 100644 autra_imgs/page_1.jpg
 create mode 100644 autra_imgs/page_10.jpg
 create mode 100644 autra_imgs/page_11.jpg
 create mode 100644 autra_imgs/page_12.jpg
 create mode 100644 autra_imgs/page_2.jpg
 create mode 100644 autra_imgs/page_3.jpg
 create mode 100644 autra_imgs/page_4.jpg
 create mode 100644 autra_imgs/page_5.jpg
 create mode 100644 autra_imgs/page_6.jpg
 create mode 100644 autra_imgs/page_7.jpg
 create mode 100644 autra_imgs/page_8.jpg
 create mode 100644 autra_imgs/page_9.jpg
To https://github.com/cloudnetworkingau-blip/openclaw-cloud-bot.git
   50a6b3e..32db8b5  main -> main
Backup completed at Fri Apr 10 02:00:05 AM UTC 2026
[main 064accc] Daily backup: 2026-04-11 02:00 UTC
 1 file changed, 25 insertions(+)
To https://github.com/cloudnetworkingau-blip/openclaw-cloud-bot.git
   32db8b5..064accc  main -> main
Backup completed at Sat Apr 11 02:00:02 AM UTC 2026
[main f391e87] Daily backup: 2026-04-12 02:00 UTC
 1 file changed, 5 insertions(+)
To https://github.com/cloudnetworkingau-blip/openclaw-cloud-bot.git
   064accc..f391e87  main -> main
Backup completed at Sun Apr 12 02:00:03 AM UTC 2026
[main 0ef844c] Daily backup: 2026-04-13 02:00 UTC
 1 file changed, 5 insertions(+)
To https://github.com/cloudnetworkingau-blip/openclaw-cloud-bot.git
   f391e87..0ef844c  main -> main
Backup completed at Mon Apr 13 02:00:03 AM UTC 2026
[main fa82f46] Daily backup: 2026-04-14 02:00 UTC
 2 files changed, 12 insertions(+)
 create mode 100644 credentials/gmail_oauth.json
remote: error: GH013: Repository rule violations found for refs/heads/main.        
remote: 
remote: - GITHUB PUSH PROTECTION        
remote:   —————————————————————————————————————————        
remote:     Resolve the following violations before pushing again        
remote: 
remote:     - Push cannot contain secrets        
remote: 
remote:             
remote:      (?) Learn how to resolve a blocked push        
remote:      https://docs.github.com/code-security/secret-scanning/working-with-secret-scanning-and-push-protection/working-with-push-protection-from-the-command-line#resolving-a-blocked-push        
remote:             
remote:             
remote:       —— Google OAuth Client ID ————————————————————————————        
remote:        locations:        
remote:          - commit: fa82f46f93f1f9eed8117c0f5f9663ac1237b7f0        
remote:            path: credentials/gmail_oauth.json:2        
remote:             
remote:        (?) To push, remove secret from commit(s) or follow this URL to allow the secret.        
remote:        https://github.com/cloudnetworkingau-blip/openclaw-cloud-bot/security/secret-scanning/unblock-secret/3CKQuO50vS3fGkrkFYcuk5gWrY8        
remote:             
remote:             
remote:       —— Google OAuth Client Secret ————————————————————————        
remote:        locations:        
remote:          - commit: fa82f46f93f1f9eed8117c0f5f9663ac1237b7f0        
remote:            path: credentials/gmail_oauth.json:3        
remote:             
remote:        (?) To push, remove secret from commit(s) or follow this URL to allow the secret.        
remote:        https://github.com/cloudnetworkingau-blip/openclaw-cloud-bot/security/secret-scanning/unblock-secret/3CKQuUNaUGFnpmcGMq94X1OMiMO        
remote:             
remote:             
remote:       —— Google OAuth Refresh Token ————————————————————————        
remote:        locations:        
remote:          - commit: fa82f46f93f1f9eed8117c0f5f9663ac1237b7f0        
remote:            path: credentials/gmail_oauth.json:4        
remote:             
remote:        (?) To push, remove secret from commit(s) or follow this URL to allow the secret.        
remote:        https://github.com/cloudnetworkingau-blip/openclaw-cloud-bot/security/secret-scanning/unblock-secret/3CKQuSzGcB2gWD0wO60UgLllPXf        
remote:             
remote:             
remote:       —— Google OAuth Access Token —————————————————————————        
remote:        locations:        
remote:          - commit: fa82f46f93f1f9eed8117c0f5f9663ac1237b7f0        
remote:            path: credentials/gmail_oauth.json:5        
remote:             
remote:        (?) To push, remove secret from commit(s) or follow this URL to allow the secret.        
remote:        https://github.com/cloudnetworkingau-blip/openclaw-cloud-bot/security/secret-scanning/unblock-secret/3CKQuQO5wUsqpSuqqJejdgMBWTo        
remote:             
remote: 
remote: 
To https://github.com/cloudnetworkingau-blip/openclaw-cloud-bot.git
 ! [remote rejected] main -> main (push declined due to repository rule violations)
error: failed to push some refs to 'https://github.com/cloudnetworkingau-blip/openclaw-cloud-bot.git'
Backup completed at Tue Apr 14 02:00:04 AM UTC 2026
